<?xml version="1.0" encoding="UTF-8"?>
<testng-results ignored="0" total="1" passed="1" failed="0" skipped="0">
  <reporter-output>
  </reporter-output>
  <suite started-at="2024-11-05T20:12:16 IST" name="Default suite" finished-at="2024-11-06T10:47:34 IST" duration-ms="52518176">
    <groups>
    </groups>
    <test started-at="2024-11-05T20:12:16 IST" name="Default test" finished-at="2024-11-06T10:47:34 IST" duration-ms="52518176">
      <class name="com.test.classes.Guru99Test">
        <test-method signature="doLogin()[pri:0, instance:com.test.classes.Guru99Test@b62d79]" started-at="2024-11-05T20:12:16 IST" name="doLogin" finished-at="2024-11-06T10:47:34 IST" duration-ms="52518154" status="PASS">
          <reporter-output>
          </reporter-output>
        </test-method> <!-- doLogin -->
      </class> <!-- com.test.classes.Guru99Test -->
    </test> <!-- Default test -->
  </suite> <!-- Default suite -->
</testng-results>
