<?xml version="1.0" encoding="UTF-8"?>
<testsuite xmlns:xsi="http://www.w3.org/2001/XMLSchema-instance" xsi:schemaLocation="https://maven.apache.org/surefire/maven-surefire-plugin/xsd/surefire-test-report.xsd" name="testrunner.TestRunner" time="0.649" tests="2" errors="2" skipped="0" failures="0">
  <properties>
[...]
</properties>
  <testcase name="Successful login with valid credentials" classname="Home Page Login" time="0.085">
    <error message="The step &apos;verify reading excel data&apos; is undefined.&#10;You can implement this step using the snippet(s) below:&#10;&#10;@Given(&quot;verify reading excel data&quot;)&#10;public void verify_reading_excel_data() {&#10;    // Write code here that turns the phrase above into concrete actions&#10;    throw new io.cucumber.java.PendingException();&#10;}&#10;" type="io.cucumber.junit.UndefinedStepException">io.cucumber.junit.UndefinedStepException: 
The step 'verify reading excel data' is undefined.
You can implement this step using the snippet(s) below:

@Given("verify reading excel data")
public void verify_reading_excel_data() {
    // Write code here that turns the phrase above into concrete actions
    throw new io.cucumber.java.PendingException();
}

</error>
    <system-out><![CDATA[
@first
Scenario: Successful login with valid credentials  # src/test/resources/features/feature.feature:7
  Given verify reading excel data
  Given the user is on the login page              # stepdefinition.StepDefinition.user_is_on_login_page()
  When the user enters valid username and password # stepdefinition.StepDefinition.user_enters_credentials()
]]></system-out>
    <system-err><![CDATA[Feb 03, 2025 4:10:29 PM io.cucumber.core.options.CucumberPropertiesParser lambda$warnWhenCucumberOptionsIsUsed$2
WARNING: Passing commandline options via the property 'cucumber.options' is no longer supported. Please use individual properties instead. See the java doc on io.cucumber.core.options.Constants for details.
]]></system-err>
  </testcase>
  <testcase name="Successful verify with valid credentials" classname="Home Page Login" time="0.01">
    <error message="The step &apos;verify reading excel data&apos; is undefined.&#10;You can implement this step using the snippet(s) below:&#10;&#10;@Given(&quot;verify reading excel data&quot;)&#10;public void verify_reading_excel_data() {&#10;    // Write code here that turns the phrase above into concrete actions&#10;    throw new io.cucumber.java.PendingException();&#10;}&#10;" type="io.cucumber.junit.UndefinedStepException">io.cucumber.junit.UndefinedStepException: 
The step 'verify reading excel data' is undefined.
You can implement this step using the snippet(s) below:

@Given("verify reading excel data")
public void verify_reading_excel_data() {
    // Write code here that turns the phrase above into concrete actions
    throw new io.cucumber.java.PendingException();
}

</error>
    <system-out><![CDATA[
@second
Scenario: Successful verify with valid credentials    # src/test/resources/features/feature.feature:11
  Given verify reading excel data
  And clicks the login button                         # stepdifinition2.SecondStepDef.user_clicks_login()
  Then the user should be redirected to the home page # stepdifinition2.SecondStepDef.user_redirected_to_home()
]]></system-out>
  </testcase>
</testsuite>